ARM GAS  /tmp/cc40VpWd.s 			page 1


   1              		.cpu cortex-m4
   2              		.eabi_attribute 27, 1
   3              		.eabi_attribute 28, 1
   4              		.eabi_attribute 20, 1
   5              		.eabi_attribute 21, 1
   6              		.eabi_attribute 23, 3
   7              		.eabi_attribute 24, 1
   8              		.eabi_attribute 25, 1
   9              		.eabi_attribute 26, 1
  10              		.eabi_attribute 30, 1
  11              		.eabi_attribute 34, 1
  12              		.eabi_attribute 18, 4
  13              		.file	"stm32l4xx_hal_msp.c"
  14              		.text
  15              	.Ltext0:
  16              		.cfi_sections	.debug_frame
  17              		.section	.text.HAL_MspInit,"ax",%progbits
  18              		.align	1
  19              		.global	HAL_MspInit
  20              		.arch armv7e-m
  21              		.syntax unified
  22              		.thumb
  23              		.thumb_func
  24              		.fpu fpv4-sp-d16
  26              	HAL_MspInit:
  27              	.LFB132:
  28              		.file 1 "Core/Src/stm32l4xx_hal_msp.c"
   1:Core/Src/stm32l4xx_hal_msp.c **** /* USER CODE BEGIN Header */
   2:Core/Src/stm32l4xx_hal_msp.c **** /**
   3:Core/Src/stm32l4xx_hal_msp.c ****   ******************************************************************************
   4:Core/Src/stm32l4xx_hal_msp.c ****   * File Name          : stm32l4xx_hal_msp.c
   5:Core/Src/stm32l4xx_hal_msp.c ****   * Description        : This file provides code for the MSP Initialization
   6:Core/Src/stm32l4xx_hal_msp.c ****   *                      and de-Initialization codes.
   7:Core/Src/stm32l4xx_hal_msp.c ****   ******************************************************************************
   8:Core/Src/stm32l4xx_hal_msp.c ****   * @attention
   9:Core/Src/stm32l4xx_hal_msp.c ****   *
  10:Core/Src/stm32l4xx_hal_msp.c ****   * <h2><center>&copy; Copyright (c) 2020 STMicroelectronics.
  11:Core/Src/stm32l4xx_hal_msp.c ****   * All rights reserved.</center></h2>
  12:Core/Src/stm32l4xx_hal_msp.c ****   *
  13:Core/Src/stm32l4xx_hal_msp.c ****   * This software component is licensed by ST under BSD 3-Clause license,
  14:Core/Src/stm32l4xx_hal_msp.c ****   * the "License"; You may not use this file except in compliance with the
  15:Core/Src/stm32l4xx_hal_msp.c ****   * License. You may obtain a copy of the License at:
  16:Core/Src/stm32l4xx_hal_msp.c ****   *                        opensource.org/licenses/BSD-3-Clause
  17:Core/Src/stm32l4xx_hal_msp.c ****   *
  18:Core/Src/stm32l4xx_hal_msp.c ****   ******************************************************************************
  19:Core/Src/stm32l4xx_hal_msp.c ****   */
  20:Core/Src/stm32l4xx_hal_msp.c **** /* USER CODE END Header */
  21:Core/Src/stm32l4xx_hal_msp.c **** 
  22:Core/Src/stm32l4xx_hal_msp.c **** /* Includes ------------------------------------------------------------------*/
  23:Core/Src/stm32l4xx_hal_msp.c **** #include "main.h"
  24:Core/Src/stm32l4xx_hal_msp.c **** /* USER CODE BEGIN Includes */
  25:Core/Src/stm32l4xx_hal_msp.c **** 
  26:Core/Src/stm32l4xx_hal_msp.c **** /* USER CODE END Includes */
  27:Core/Src/stm32l4xx_hal_msp.c **** 
  28:Core/Src/stm32l4xx_hal_msp.c **** /* Private typedef -----------------------------------------------------------*/
  29:Core/Src/stm32l4xx_hal_msp.c **** /* USER CODE BEGIN TD */
  30:Core/Src/stm32l4xx_hal_msp.c **** 
ARM GAS  /tmp/cc40VpWd.s 			page 2


  31:Core/Src/stm32l4xx_hal_msp.c **** /* USER CODE END TD */
  32:Core/Src/stm32l4xx_hal_msp.c **** 
  33:Core/Src/stm32l4xx_hal_msp.c **** /* Private define ------------------------------------------------------------*/
  34:Core/Src/stm32l4xx_hal_msp.c **** /* USER CODE BEGIN Define */
  35:Core/Src/stm32l4xx_hal_msp.c **** 
  36:Core/Src/stm32l4xx_hal_msp.c **** /* USER CODE END Define */
  37:Core/Src/stm32l4xx_hal_msp.c **** 
  38:Core/Src/stm32l4xx_hal_msp.c **** /* Private macro -------------------------------------------------------------*/
  39:Core/Src/stm32l4xx_hal_msp.c **** /* USER CODE BEGIN Macro */
  40:Core/Src/stm32l4xx_hal_msp.c **** 
  41:Core/Src/stm32l4xx_hal_msp.c **** /* USER CODE END Macro */
  42:Core/Src/stm32l4xx_hal_msp.c **** 
  43:Core/Src/stm32l4xx_hal_msp.c **** /* Private variables ---------------------------------------------------------*/
  44:Core/Src/stm32l4xx_hal_msp.c **** /* USER CODE BEGIN PV */
  45:Core/Src/stm32l4xx_hal_msp.c **** 
  46:Core/Src/stm32l4xx_hal_msp.c **** /* USER CODE END PV */
  47:Core/Src/stm32l4xx_hal_msp.c **** 
  48:Core/Src/stm32l4xx_hal_msp.c **** /* Private function prototypes -----------------------------------------------*/
  49:Core/Src/stm32l4xx_hal_msp.c **** /* USER CODE BEGIN PFP */
  50:Core/Src/stm32l4xx_hal_msp.c **** 
  51:Core/Src/stm32l4xx_hal_msp.c **** /* USER CODE END PFP */
  52:Core/Src/stm32l4xx_hal_msp.c **** 
  53:Core/Src/stm32l4xx_hal_msp.c **** /* External functions --------------------------------------------------------*/
  54:Core/Src/stm32l4xx_hal_msp.c **** /* USER CODE BEGIN ExternalFunctions */
  55:Core/Src/stm32l4xx_hal_msp.c **** 
  56:Core/Src/stm32l4xx_hal_msp.c **** /* USER CODE END ExternalFunctions */
  57:Core/Src/stm32l4xx_hal_msp.c **** 
  58:Core/Src/stm32l4xx_hal_msp.c **** /* USER CODE BEGIN 0 */
  59:Core/Src/stm32l4xx_hal_msp.c **** 
  60:Core/Src/stm32l4xx_hal_msp.c **** /* USER CODE END 0 */
  61:Core/Src/stm32l4xx_hal_msp.c **** /**
  62:Core/Src/stm32l4xx_hal_msp.c ****   * Initializes the Global MSP.
  63:Core/Src/stm32l4xx_hal_msp.c ****   */
  64:Core/Src/stm32l4xx_hal_msp.c **** void HAL_MspInit(void)
  65:Core/Src/stm32l4xx_hal_msp.c **** {
  29              		.loc 1 65 1 view -0
  30              		.cfi_startproc
  31              		@ args = 0, pretend = 0, frame = 8
  32              		@ frame_needed = 0, uses_anonymous_args = 0
  33              		@ link register save eliminated.
  34 0000 82B0     		sub	sp, sp, #8
  35              	.LCFI0:
  36              		.cfi_def_cfa_offset 8
  66:Core/Src/stm32l4xx_hal_msp.c ****   /* USER CODE BEGIN MspInit 0 */
  67:Core/Src/stm32l4xx_hal_msp.c **** 
  68:Core/Src/stm32l4xx_hal_msp.c ****   /* USER CODE END MspInit 0 */
  69:Core/Src/stm32l4xx_hal_msp.c **** 
  70:Core/Src/stm32l4xx_hal_msp.c ****   __HAL_RCC_SYSCFG_CLK_ENABLE();
  37              		.loc 1 70 3 view .LVU1
  38              	.LBB2:
  39              		.loc 1 70 3 view .LVU2
  40              		.loc 1 70 3 view .LVU3
  41 0002 0A4B     		ldr	r3, .L3
  42 0004 1A6E     		ldr	r2, [r3, #96]
  43 0006 42F00102 		orr	r2, r2, #1
  44 000a 1A66     		str	r2, [r3, #96]
  45              		.loc 1 70 3 view .LVU4
ARM GAS  /tmp/cc40VpWd.s 			page 3


  46 000c 1A6E     		ldr	r2, [r3, #96]
  47 000e 02F00102 		and	r2, r2, #1
  48 0012 0092     		str	r2, [sp]
  49              		.loc 1 70 3 view .LVU5
  50 0014 009A     		ldr	r2, [sp]
  51              	.LBE2:
  52              		.loc 1 70 3 view .LVU6
  71:Core/Src/stm32l4xx_hal_msp.c ****   __HAL_RCC_PWR_CLK_ENABLE();
  53              		.loc 1 71 3 view .LVU7
  54              	.LBB3:
  55              		.loc 1 71 3 view .LVU8
  56              		.loc 1 71 3 view .LVU9
  57 0016 9A6D     		ldr	r2, [r3, #88]
  58 0018 42F08052 		orr	r2, r2, #268435456
  59 001c 9A65     		str	r2, [r3, #88]
  60              		.loc 1 71 3 view .LVU10
  61 001e 9B6D     		ldr	r3, [r3, #88]
  62 0020 03F08053 		and	r3, r3, #268435456
  63 0024 0193     		str	r3, [sp, #4]
  64              		.loc 1 71 3 view .LVU11
  65 0026 019B     		ldr	r3, [sp, #4]
  66              	.LBE3:
  67              		.loc 1 71 3 view .LVU12
  72:Core/Src/stm32l4xx_hal_msp.c **** 
  73:Core/Src/stm32l4xx_hal_msp.c ****   /* System interrupt init*/
  74:Core/Src/stm32l4xx_hal_msp.c **** 
  75:Core/Src/stm32l4xx_hal_msp.c ****   /* USER CODE BEGIN MspInit 1 */
  76:Core/Src/stm32l4xx_hal_msp.c **** 
  77:Core/Src/stm32l4xx_hal_msp.c ****   /* USER CODE END MspInit 1 */
  78:Core/Src/stm32l4xx_hal_msp.c **** }
  68              		.loc 1 78 1 is_stmt 0 view .LVU13
  69 0028 02B0     		add	sp, sp, #8
  70              	.LCFI1:
  71              		.cfi_def_cfa_offset 0
  72              		@ sp needed
  73 002a 7047     		bx	lr
  74              	.L4:
  75              		.align	2
  76              	.L3:
  77 002c 00100240 		.word	1073876992
  78              		.cfi_endproc
  79              	.LFE132:
  81              		.section	.text.HAL_CAN_MspInit,"ax",%progbits
  82              		.align	1
  83              		.global	HAL_CAN_MspInit
  84              		.syntax unified
  85              		.thumb
  86              		.thumb_func
  87              		.fpu fpv4-sp-d16
  89              	HAL_CAN_MspInit:
  90              	.LVL0:
  91              	.LFB133:
  79:Core/Src/stm32l4xx_hal_msp.c **** 
  80:Core/Src/stm32l4xx_hal_msp.c **** /**
  81:Core/Src/stm32l4xx_hal_msp.c **** * @brief CAN MSP Initialization
  82:Core/Src/stm32l4xx_hal_msp.c **** * This function configures the hardware resources used in this example
  83:Core/Src/stm32l4xx_hal_msp.c **** * @param hcan: CAN handle pointer
ARM GAS  /tmp/cc40VpWd.s 			page 4


  84:Core/Src/stm32l4xx_hal_msp.c **** * @retval None
  85:Core/Src/stm32l4xx_hal_msp.c **** */
  86:Core/Src/stm32l4xx_hal_msp.c **** void HAL_CAN_MspInit(CAN_HandleTypeDef* hcan)
  87:Core/Src/stm32l4xx_hal_msp.c **** {
  92              		.loc 1 87 1 is_stmt 1 view -0
  93              		.cfi_startproc
  94              		@ args = 0, pretend = 0, frame = 32
  95              		@ frame_needed = 0, uses_anonymous_args = 0
  96              		.loc 1 87 1 is_stmt 0 view .LVU15
  97 0000 00B5     		push	{lr}
  98              	.LCFI2:
  99              		.cfi_def_cfa_offset 4
 100              		.cfi_offset 14, -4
 101 0002 89B0     		sub	sp, sp, #36
 102              	.LCFI3:
 103              		.cfi_def_cfa_offset 40
  88:Core/Src/stm32l4xx_hal_msp.c ****   GPIO_InitTypeDef GPIO_InitStruct = {0};
 104              		.loc 1 88 3 is_stmt 1 view .LVU16
 105              		.loc 1 88 20 is_stmt 0 view .LVU17
 106 0004 0023     		movs	r3, #0
 107 0006 0393     		str	r3, [sp, #12]
 108 0008 0493     		str	r3, [sp, #16]
 109 000a 0593     		str	r3, [sp, #20]
 110 000c 0693     		str	r3, [sp, #24]
 111 000e 0793     		str	r3, [sp, #28]
  89:Core/Src/stm32l4xx_hal_msp.c ****   if(hcan->Instance==CAN1)
 112              		.loc 1 89 3 is_stmt 1 view .LVU18
 113              		.loc 1 89 10 is_stmt 0 view .LVU19
 114 0010 0268     		ldr	r2, [r0]
 115              		.loc 1 89 5 view .LVU20
 116 0012 144B     		ldr	r3, .L9
 117 0014 9A42     		cmp	r2, r3
 118 0016 02D0     		beq	.L8
 119              	.LVL1:
 120              	.L5:
  90:Core/Src/stm32l4xx_hal_msp.c ****   {
  91:Core/Src/stm32l4xx_hal_msp.c ****   /* USER CODE BEGIN CAN1_MspInit 0 */
  92:Core/Src/stm32l4xx_hal_msp.c **** 
  93:Core/Src/stm32l4xx_hal_msp.c ****   /* USER CODE END CAN1_MspInit 0 */
  94:Core/Src/stm32l4xx_hal_msp.c ****     /* Peripheral clock enable */
  95:Core/Src/stm32l4xx_hal_msp.c ****     __HAL_RCC_CAN1_CLK_ENABLE();
  96:Core/Src/stm32l4xx_hal_msp.c **** 
  97:Core/Src/stm32l4xx_hal_msp.c ****     __HAL_RCC_GPIOA_CLK_ENABLE();
  98:Core/Src/stm32l4xx_hal_msp.c ****     /**CAN1 GPIO Configuration
  99:Core/Src/stm32l4xx_hal_msp.c ****     PA11     ------> CAN1_RX
 100:Core/Src/stm32l4xx_hal_msp.c ****     PA12     ------> CAN1_TX
 101:Core/Src/stm32l4xx_hal_msp.c ****     */
 102:Core/Src/stm32l4xx_hal_msp.c ****     GPIO_InitStruct.Pin = GPIO_PIN_11|GPIO_PIN_12;
 103:Core/Src/stm32l4xx_hal_msp.c ****     GPIO_InitStruct.Mode = GPIO_MODE_AF_PP;
 104:Core/Src/stm32l4xx_hal_msp.c ****     GPIO_InitStruct.Pull = GPIO_NOPULL;
 105:Core/Src/stm32l4xx_hal_msp.c ****     GPIO_InitStruct.Speed = GPIO_SPEED_FREQ_VERY_HIGH;
 106:Core/Src/stm32l4xx_hal_msp.c ****     GPIO_InitStruct.Alternate = GPIO_AF9_CAN1;
 107:Core/Src/stm32l4xx_hal_msp.c ****     HAL_GPIO_Init(GPIOA, &GPIO_InitStruct);
 108:Core/Src/stm32l4xx_hal_msp.c **** 
 109:Core/Src/stm32l4xx_hal_msp.c ****   /* USER CODE BEGIN CAN1_MspInit 1 */
 110:Core/Src/stm32l4xx_hal_msp.c **** 
 111:Core/Src/stm32l4xx_hal_msp.c ****   /* USER CODE END CAN1_MspInit 1 */
ARM GAS  /tmp/cc40VpWd.s 			page 5


 112:Core/Src/stm32l4xx_hal_msp.c ****   }
 113:Core/Src/stm32l4xx_hal_msp.c **** 
 114:Core/Src/stm32l4xx_hal_msp.c **** }
 121              		.loc 1 114 1 view .LVU21
 122 0018 09B0     		add	sp, sp, #36
 123              	.LCFI4:
 124              		.cfi_remember_state
 125              		.cfi_def_cfa_offset 4
 126              		@ sp needed
 127 001a 5DF804FB 		ldr	pc, [sp], #4
 128              	.LVL2:
 129              	.L8:
 130              	.LCFI5:
 131              		.cfi_restore_state
  95:Core/Src/stm32l4xx_hal_msp.c **** 
 132              		.loc 1 95 5 is_stmt 1 view .LVU22
 133              	.LBB4:
  95:Core/Src/stm32l4xx_hal_msp.c **** 
 134              		.loc 1 95 5 view .LVU23
  95:Core/Src/stm32l4xx_hal_msp.c **** 
 135              		.loc 1 95 5 view .LVU24
 136 001e 03F5D633 		add	r3, r3, #109568
 137 0022 9A6D     		ldr	r2, [r3, #88]
 138 0024 42F00072 		orr	r2, r2, #33554432
 139 0028 9A65     		str	r2, [r3, #88]
  95:Core/Src/stm32l4xx_hal_msp.c **** 
 140              		.loc 1 95 5 view .LVU25
 141 002a 9A6D     		ldr	r2, [r3, #88]
 142 002c 02F00072 		and	r2, r2, #33554432
 143 0030 0192     		str	r2, [sp, #4]
  95:Core/Src/stm32l4xx_hal_msp.c **** 
 144              		.loc 1 95 5 view .LVU26
 145 0032 019A     		ldr	r2, [sp, #4]
 146              	.LBE4:
  95:Core/Src/stm32l4xx_hal_msp.c **** 
 147              		.loc 1 95 5 view .LVU27
  97:Core/Src/stm32l4xx_hal_msp.c ****     /**CAN1 GPIO Configuration
 148              		.loc 1 97 5 view .LVU28
 149              	.LBB5:
  97:Core/Src/stm32l4xx_hal_msp.c ****     /**CAN1 GPIO Configuration
 150              		.loc 1 97 5 view .LVU29
  97:Core/Src/stm32l4xx_hal_msp.c ****     /**CAN1 GPIO Configuration
 151              		.loc 1 97 5 view .LVU30
 152 0034 DA6C     		ldr	r2, [r3, #76]
 153 0036 42F00102 		orr	r2, r2, #1
 154 003a DA64     		str	r2, [r3, #76]
  97:Core/Src/stm32l4xx_hal_msp.c ****     /**CAN1 GPIO Configuration
 155              		.loc 1 97 5 view .LVU31
 156 003c DB6C     		ldr	r3, [r3, #76]
 157 003e 03F00103 		and	r3, r3, #1
 158 0042 0293     		str	r3, [sp, #8]
  97:Core/Src/stm32l4xx_hal_msp.c ****     /**CAN1 GPIO Configuration
 159              		.loc 1 97 5 view .LVU32
 160 0044 029B     		ldr	r3, [sp, #8]
 161              	.LBE5:
  97:Core/Src/stm32l4xx_hal_msp.c ****     /**CAN1 GPIO Configuration
 162              		.loc 1 97 5 view .LVU33
ARM GAS  /tmp/cc40VpWd.s 			page 6


 102:Core/Src/stm32l4xx_hal_msp.c ****     GPIO_InitStruct.Mode = GPIO_MODE_AF_PP;
 163              		.loc 1 102 5 view .LVU34
 102:Core/Src/stm32l4xx_hal_msp.c ****     GPIO_InitStruct.Mode = GPIO_MODE_AF_PP;
 164              		.loc 1 102 25 is_stmt 0 view .LVU35
 165 0046 4FF4C053 		mov	r3, #6144
 166 004a 0393     		str	r3, [sp, #12]
 103:Core/Src/stm32l4xx_hal_msp.c ****     GPIO_InitStruct.Pull = GPIO_NOPULL;
 167              		.loc 1 103 5 is_stmt 1 view .LVU36
 103:Core/Src/stm32l4xx_hal_msp.c ****     GPIO_InitStruct.Pull = GPIO_NOPULL;
 168              		.loc 1 103 26 is_stmt 0 view .LVU37
 169 004c 0223     		movs	r3, #2
 170 004e 0493     		str	r3, [sp, #16]
 104:Core/Src/stm32l4xx_hal_msp.c ****     GPIO_InitStruct.Speed = GPIO_SPEED_FREQ_VERY_HIGH;
 171              		.loc 1 104 5 is_stmt 1 view .LVU38
 105:Core/Src/stm32l4xx_hal_msp.c ****     GPIO_InitStruct.Alternate = GPIO_AF9_CAN1;
 172              		.loc 1 105 5 view .LVU39
 105:Core/Src/stm32l4xx_hal_msp.c ****     GPIO_InitStruct.Alternate = GPIO_AF9_CAN1;
 173              		.loc 1 105 27 is_stmt 0 view .LVU40
 174 0050 0323     		movs	r3, #3
 175 0052 0693     		str	r3, [sp, #24]
 106:Core/Src/stm32l4xx_hal_msp.c ****     HAL_GPIO_Init(GPIOA, &GPIO_InitStruct);
 176              		.loc 1 106 5 is_stmt 1 view .LVU41
 106:Core/Src/stm32l4xx_hal_msp.c ****     HAL_GPIO_Init(GPIOA, &GPIO_InitStruct);
 177              		.loc 1 106 31 is_stmt 0 view .LVU42
 178 0054 0923     		movs	r3, #9
 179 0056 0793     		str	r3, [sp, #28]
 107:Core/Src/stm32l4xx_hal_msp.c **** 
 180              		.loc 1 107 5 is_stmt 1 view .LVU43
 181 0058 03A9     		add	r1, sp, #12
 182 005a 4FF09040 		mov	r0, #1207959552
 183              	.LVL3:
 107:Core/Src/stm32l4xx_hal_msp.c **** 
 184              		.loc 1 107 5 is_stmt 0 view .LVU44
 185 005e FFF7FEFF 		bl	HAL_GPIO_Init
 186              	.LVL4:
 187              		.loc 1 114 1 view .LVU45
 188 0062 D9E7     		b	.L5
 189              	.L10:
 190              		.align	2
 191              	.L9:
 192 0064 00640040 		.word	1073767424
 193              		.cfi_endproc
 194              	.LFE133:
 196              		.section	.text.HAL_CAN_MspDeInit,"ax",%progbits
 197              		.align	1
 198              		.global	HAL_CAN_MspDeInit
 199              		.syntax unified
 200              		.thumb
 201              		.thumb_func
 202              		.fpu fpv4-sp-d16
 204              	HAL_CAN_MspDeInit:
 205              	.LVL5:
 206              	.LFB134:
 115:Core/Src/stm32l4xx_hal_msp.c **** 
 116:Core/Src/stm32l4xx_hal_msp.c **** /**
 117:Core/Src/stm32l4xx_hal_msp.c **** * @brief CAN MSP De-Initialization
 118:Core/Src/stm32l4xx_hal_msp.c **** * This function freeze the hardware resources used in this example
ARM GAS  /tmp/cc40VpWd.s 			page 7


 119:Core/Src/stm32l4xx_hal_msp.c **** * @param hcan: CAN handle pointer
 120:Core/Src/stm32l4xx_hal_msp.c **** * @retval None
 121:Core/Src/stm32l4xx_hal_msp.c **** */
 122:Core/Src/stm32l4xx_hal_msp.c **** void HAL_CAN_MspDeInit(CAN_HandleTypeDef* hcan)
 123:Core/Src/stm32l4xx_hal_msp.c **** {
 207              		.loc 1 123 1 is_stmt 1 view -0
 208              		.cfi_startproc
 209              		@ args = 0, pretend = 0, frame = 0
 210              		@ frame_needed = 0, uses_anonymous_args = 0
 211              		.loc 1 123 1 is_stmt 0 view .LVU47
 212 0000 08B5     		push	{r3, lr}
 213              	.LCFI6:
 214              		.cfi_def_cfa_offset 8
 215              		.cfi_offset 3, -8
 216              		.cfi_offset 14, -4
 124:Core/Src/stm32l4xx_hal_msp.c ****   if(hcan->Instance==CAN1)
 217              		.loc 1 124 3 is_stmt 1 view .LVU48
 218              		.loc 1 124 10 is_stmt 0 view .LVU49
 219 0002 0268     		ldr	r2, [r0]
 220              		.loc 1 124 5 view .LVU50
 221 0004 074B     		ldr	r3, .L15
 222 0006 9A42     		cmp	r2, r3
 223 0008 00D0     		beq	.L14
 224              	.LVL6:
 225              	.L11:
 125:Core/Src/stm32l4xx_hal_msp.c ****   {
 126:Core/Src/stm32l4xx_hal_msp.c ****   /* USER CODE BEGIN CAN1_MspDeInit 0 */
 127:Core/Src/stm32l4xx_hal_msp.c **** 
 128:Core/Src/stm32l4xx_hal_msp.c ****   /* USER CODE END CAN1_MspDeInit 0 */
 129:Core/Src/stm32l4xx_hal_msp.c ****     /* Peripheral clock disable */
 130:Core/Src/stm32l4xx_hal_msp.c ****     __HAL_RCC_CAN1_CLK_DISABLE();
 131:Core/Src/stm32l4xx_hal_msp.c **** 
 132:Core/Src/stm32l4xx_hal_msp.c ****     /**CAN1 GPIO Configuration
 133:Core/Src/stm32l4xx_hal_msp.c ****     PA11     ------> CAN1_RX
 134:Core/Src/stm32l4xx_hal_msp.c ****     PA12     ------> CAN1_TX
 135:Core/Src/stm32l4xx_hal_msp.c ****     */
 136:Core/Src/stm32l4xx_hal_msp.c ****     HAL_GPIO_DeInit(GPIOA, GPIO_PIN_11|GPIO_PIN_12);
 137:Core/Src/stm32l4xx_hal_msp.c **** 
 138:Core/Src/stm32l4xx_hal_msp.c ****   /* USER CODE BEGIN CAN1_MspDeInit 1 */
 139:Core/Src/stm32l4xx_hal_msp.c **** 
 140:Core/Src/stm32l4xx_hal_msp.c ****   /* USER CODE END CAN1_MspDeInit 1 */
 141:Core/Src/stm32l4xx_hal_msp.c ****   }
 142:Core/Src/stm32l4xx_hal_msp.c **** 
 143:Core/Src/stm32l4xx_hal_msp.c **** }
 226              		.loc 1 143 1 view .LVU51
 227 000a 08BD     		pop	{r3, pc}
 228              	.LVL7:
 229              	.L14:
 130:Core/Src/stm32l4xx_hal_msp.c **** 
 230              		.loc 1 130 5 is_stmt 1 view .LVU52
 231 000c 064A     		ldr	r2, .L15+4
 232 000e 936D     		ldr	r3, [r2, #88]
 233 0010 23F00073 		bic	r3, r3, #33554432
 234 0014 9365     		str	r3, [r2, #88]
 136:Core/Src/stm32l4xx_hal_msp.c **** 
 235              		.loc 1 136 5 view .LVU53
 236 0016 4FF4C051 		mov	r1, #6144
ARM GAS  /tmp/cc40VpWd.s 			page 8


 237 001a 4FF09040 		mov	r0, #1207959552
 238              	.LVL8:
 136:Core/Src/stm32l4xx_hal_msp.c **** 
 239              		.loc 1 136 5 is_stmt 0 view .LVU54
 240 001e FFF7FEFF 		bl	HAL_GPIO_DeInit
 241              	.LVL9:
 242              		.loc 1 143 1 view .LVU55
 243 0022 F2E7     		b	.L11
 244              	.L16:
 245              		.align	2
 246              	.L15:
 247 0024 00640040 		.word	1073767424
 248 0028 00100240 		.word	1073876992
 249              		.cfi_endproc
 250              	.LFE134:
 252              		.section	.text.HAL_I2C_MspInit,"ax",%progbits
 253              		.align	1
 254              		.global	HAL_I2C_MspInit
 255              		.syntax unified
 256              		.thumb
 257              		.thumb_func
 258              		.fpu fpv4-sp-d16
 260              	HAL_I2C_MspInit:
 261              	.LVL10:
 262              	.LFB135:
 144:Core/Src/stm32l4xx_hal_msp.c **** 
 145:Core/Src/stm32l4xx_hal_msp.c **** /**
 146:Core/Src/stm32l4xx_hal_msp.c **** * @brief I2C MSP Initialization
 147:Core/Src/stm32l4xx_hal_msp.c **** * This function configures the hardware resources used in this example
 148:Core/Src/stm32l4xx_hal_msp.c **** * @param hi2c: I2C handle pointer
 149:Core/Src/stm32l4xx_hal_msp.c **** * @retval None
 150:Core/Src/stm32l4xx_hal_msp.c **** */
 151:Core/Src/stm32l4xx_hal_msp.c **** void HAL_I2C_MspInit(I2C_HandleTypeDef* hi2c)
 152:Core/Src/stm32l4xx_hal_msp.c **** {
 263              		.loc 1 152 1 is_stmt 1 view -0
 264              		.cfi_startproc
 265              		@ args = 0, pretend = 0, frame = 32
 266              		@ frame_needed = 0, uses_anonymous_args = 0
 267              		.loc 1 152 1 is_stmt 0 view .LVU57
 268 0000 10B5     		push	{r4, lr}
 269              	.LCFI7:
 270              		.cfi_def_cfa_offset 8
 271              		.cfi_offset 4, -8
 272              		.cfi_offset 14, -4
 273 0002 88B0     		sub	sp, sp, #32
 274              	.LCFI8:
 275              		.cfi_def_cfa_offset 40
 153:Core/Src/stm32l4xx_hal_msp.c ****   GPIO_InitTypeDef GPIO_InitStruct = {0};
 276              		.loc 1 153 3 is_stmt 1 view .LVU58
 277              		.loc 1 153 20 is_stmt 0 view .LVU59
 278 0004 0023     		movs	r3, #0
 279 0006 0393     		str	r3, [sp, #12]
 280 0008 0493     		str	r3, [sp, #16]
 281 000a 0593     		str	r3, [sp, #20]
 282 000c 0693     		str	r3, [sp, #24]
 283 000e 0793     		str	r3, [sp, #28]
 154:Core/Src/stm32l4xx_hal_msp.c ****   if(hi2c->Instance==I2C1)
ARM GAS  /tmp/cc40VpWd.s 			page 9


 284              		.loc 1 154 3 is_stmt 1 view .LVU60
 285              		.loc 1 154 10 is_stmt 0 view .LVU61
 286 0010 0268     		ldr	r2, [r0]
 287              		.loc 1 154 5 view .LVU62
 288 0012 144B     		ldr	r3, .L21
 289 0014 9A42     		cmp	r2, r3
 290 0016 01D0     		beq	.L20
 291              	.LVL11:
 292              	.L17:
 155:Core/Src/stm32l4xx_hal_msp.c ****   {
 156:Core/Src/stm32l4xx_hal_msp.c ****   /* USER CODE BEGIN I2C1_MspInit 0 */
 157:Core/Src/stm32l4xx_hal_msp.c **** 
 158:Core/Src/stm32l4xx_hal_msp.c ****   /* USER CODE END I2C1_MspInit 0 */
 159:Core/Src/stm32l4xx_hal_msp.c **** 
 160:Core/Src/stm32l4xx_hal_msp.c ****     __HAL_RCC_GPIOA_CLK_ENABLE();
 161:Core/Src/stm32l4xx_hal_msp.c ****     /**I2C1 GPIO Configuration
 162:Core/Src/stm32l4xx_hal_msp.c ****     PA9     ------> I2C1_SCL
 163:Core/Src/stm32l4xx_hal_msp.c ****     PA10     ------> I2C1_SDA
 164:Core/Src/stm32l4xx_hal_msp.c ****     */
 165:Core/Src/stm32l4xx_hal_msp.c ****     GPIO_InitStruct.Pin = GPIO_PIN_9|GPIO_PIN_10;
 166:Core/Src/stm32l4xx_hal_msp.c ****     GPIO_InitStruct.Mode = GPIO_MODE_AF_OD;
 167:Core/Src/stm32l4xx_hal_msp.c ****     GPIO_InitStruct.Pull = GPIO_PULLUP;
 168:Core/Src/stm32l4xx_hal_msp.c ****     GPIO_InitStruct.Speed = GPIO_SPEED_FREQ_VERY_HIGH;
 169:Core/Src/stm32l4xx_hal_msp.c ****     GPIO_InitStruct.Alternate = GPIO_AF4_I2C1;
 170:Core/Src/stm32l4xx_hal_msp.c ****     HAL_GPIO_Init(GPIOA, &GPIO_InitStruct);
 171:Core/Src/stm32l4xx_hal_msp.c **** 
 172:Core/Src/stm32l4xx_hal_msp.c ****     /* Peripheral clock enable */
 173:Core/Src/stm32l4xx_hal_msp.c ****     __HAL_RCC_I2C1_CLK_ENABLE();
 174:Core/Src/stm32l4xx_hal_msp.c ****   /* USER CODE BEGIN I2C1_MspInit 1 */
 175:Core/Src/stm32l4xx_hal_msp.c **** 
 176:Core/Src/stm32l4xx_hal_msp.c ****   /* USER CODE END I2C1_MspInit 1 */
 177:Core/Src/stm32l4xx_hal_msp.c ****   }
 178:Core/Src/stm32l4xx_hal_msp.c **** 
 179:Core/Src/stm32l4xx_hal_msp.c **** }
 293              		.loc 1 179 1 view .LVU63
 294 0018 08B0     		add	sp, sp, #32
 295              	.LCFI9:
 296              		.cfi_remember_state
 297              		.cfi_def_cfa_offset 8
 298              		@ sp needed
 299 001a 10BD     		pop	{r4, pc}
 300              	.LVL12:
 301              	.L20:
 302              	.LCFI10:
 303              		.cfi_restore_state
 160:Core/Src/stm32l4xx_hal_msp.c ****     /**I2C1 GPIO Configuration
 304              		.loc 1 160 5 is_stmt 1 view .LVU64
 305              	.LBB6:
 160:Core/Src/stm32l4xx_hal_msp.c ****     /**I2C1 GPIO Configuration
 306              		.loc 1 160 5 view .LVU65
 160:Core/Src/stm32l4xx_hal_msp.c ****     /**I2C1 GPIO Configuration
 307              		.loc 1 160 5 view .LVU66
 308 001c 124C     		ldr	r4, .L21+4
 309 001e E36C     		ldr	r3, [r4, #76]
 310 0020 43F00103 		orr	r3, r3, #1
 311 0024 E364     		str	r3, [r4, #76]
 160:Core/Src/stm32l4xx_hal_msp.c ****     /**I2C1 GPIO Configuration
ARM GAS  /tmp/cc40VpWd.s 			page 10


 312              		.loc 1 160 5 view .LVU67
 313 0026 E36C     		ldr	r3, [r4, #76]
 314 0028 03F00103 		and	r3, r3, #1
 315 002c 0193     		str	r3, [sp, #4]
 160:Core/Src/stm32l4xx_hal_msp.c ****     /**I2C1 GPIO Configuration
 316              		.loc 1 160 5 view .LVU68
 317 002e 019B     		ldr	r3, [sp, #4]
 318              	.LBE6:
 160:Core/Src/stm32l4xx_hal_msp.c ****     /**I2C1 GPIO Configuration
 319              		.loc 1 160 5 view .LVU69
 165:Core/Src/stm32l4xx_hal_msp.c ****     GPIO_InitStruct.Mode = GPIO_MODE_AF_OD;
 320              		.loc 1 165 5 view .LVU70
 165:Core/Src/stm32l4xx_hal_msp.c ****     GPIO_InitStruct.Mode = GPIO_MODE_AF_OD;
 321              		.loc 1 165 25 is_stmt 0 view .LVU71
 322 0030 4FF4C063 		mov	r3, #1536
 323 0034 0393     		str	r3, [sp, #12]
 166:Core/Src/stm32l4xx_hal_msp.c ****     GPIO_InitStruct.Pull = GPIO_PULLUP;
 324              		.loc 1 166 5 is_stmt 1 view .LVU72
 166:Core/Src/stm32l4xx_hal_msp.c ****     GPIO_InitStruct.Pull = GPIO_PULLUP;
 325              		.loc 1 166 26 is_stmt 0 view .LVU73
 326 0036 1223     		movs	r3, #18
 327 0038 0493     		str	r3, [sp, #16]
 167:Core/Src/stm32l4xx_hal_msp.c ****     GPIO_InitStruct.Speed = GPIO_SPEED_FREQ_VERY_HIGH;
 328              		.loc 1 167 5 is_stmt 1 view .LVU74
 167:Core/Src/stm32l4xx_hal_msp.c ****     GPIO_InitStruct.Speed = GPIO_SPEED_FREQ_VERY_HIGH;
 329              		.loc 1 167 26 is_stmt 0 view .LVU75
 330 003a 0123     		movs	r3, #1
 331 003c 0593     		str	r3, [sp, #20]
 168:Core/Src/stm32l4xx_hal_msp.c ****     GPIO_InitStruct.Alternate = GPIO_AF4_I2C1;
 332              		.loc 1 168 5 is_stmt 1 view .LVU76
 168:Core/Src/stm32l4xx_hal_msp.c ****     GPIO_InitStruct.Alternate = GPIO_AF4_I2C1;
 333              		.loc 1 168 27 is_stmt 0 view .LVU77
 334 003e 0323     		movs	r3, #3
 335 0040 0693     		str	r3, [sp, #24]
 169:Core/Src/stm32l4xx_hal_msp.c ****     HAL_GPIO_Init(GPIOA, &GPIO_InitStruct);
 336              		.loc 1 169 5 is_stmt 1 view .LVU78
 169:Core/Src/stm32l4xx_hal_msp.c ****     HAL_GPIO_Init(GPIOA, &GPIO_InitStruct);
 337              		.loc 1 169 31 is_stmt 0 view .LVU79
 338 0042 0423     		movs	r3, #4
 339 0044 0793     		str	r3, [sp, #28]
 170:Core/Src/stm32l4xx_hal_msp.c **** 
 340              		.loc 1 170 5 is_stmt 1 view .LVU80
 341 0046 03A9     		add	r1, sp, #12
 342 0048 4FF09040 		mov	r0, #1207959552
 343              	.LVL13:
 170:Core/Src/stm32l4xx_hal_msp.c **** 
 344              		.loc 1 170 5 is_stmt 0 view .LVU81
 345 004c FFF7FEFF 		bl	HAL_GPIO_Init
 346              	.LVL14:
 173:Core/Src/stm32l4xx_hal_msp.c ****   /* USER CODE BEGIN I2C1_MspInit 1 */
 347              		.loc 1 173 5 is_stmt 1 view .LVU82
 348              	.LBB7:
 173:Core/Src/stm32l4xx_hal_msp.c ****   /* USER CODE BEGIN I2C1_MspInit 1 */
 349              		.loc 1 173 5 view .LVU83
 173:Core/Src/stm32l4xx_hal_msp.c ****   /* USER CODE BEGIN I2C1_MspInit 1 */
 350              		.loc 1 173 5 view .LVU84
 351 0050 A36D     		ldr	r3, [r4, #88]
ARM GAS  /tmp/cc40VpWd.s 			page 11


 352 0052 43F40013 		orr	r3, r3, #2097152
 353 0056 A365     		str	r3, [r4, #88]
 173:Core/Src/stm32l4xx_hal_msp.c ****   /* USER CODE BEGIN I2C1_MspInit 1 */
 354              		.loc 1 173 5 view .LVU85
 355 0058 A36D     		ldr	r3, [r4, #88]
 356 005a 03F40013 		and	r3, r3, #2097152
 357 005e 0293     		str	r3, [sp, #8]
 173:Core/Src/stm32l4xx_hal_msp.c ****   /* USER CODE BEGIN I2C1_MspInit 1 */
 358              		.loc 1 173 5 view .LVU86
 359 0060 029B     		ldr	r3, [sp, #8]
 360              	.LBE7:
 173:Core/Src/stm32l4xx_hal_msp.c ****   /* USER CODE BEGIN I2C1_MspInit 1 */
 361              		.loc 1 173 5 view .LVU87
 362              		.loc 1 179 1 is_stmt 0 view .LVU88
 363 0062 D9E7     		b	.L17
 364              	.L22:
 365              		.align	2
 366              	.L21:
 367 0064 00540040 		.word	1073763328
 368 0068 00100240 		.word	1073876992
 369              		.cfi_endproc
 370              	.LFE135:
 372              		.section	.text.HAL_I2C_MspDeInit,"ax",%progbits
 373              		.align	1
 374              		.global	HAL_I2C_MspDeInit
 375              		.syntax unified
 376              		.thumb
 377              		.thumb_func
 378              		.fpu fpv4-sp-d16
 380              	HAL_I2C_MspDeInit:
 381              	.LVL15:
 382              	.LFB136:
 180:Core/Src/stm32l4xx_hal_msp.c **** 
 181:Core/Src/stm32l4xx_hal_msp.c **** /**
 182:Core/Src/stm32l4xx_hal_msp.c **** * @brief I2C MSP De-Initialization
 183:Core/Src/stm32l4xx_hal_msp.c **** * This function freeze the hardware resources used in this example
 184:Core/Src/stm32l4xx_hal_msp.c **** * @param hi2c: I2C handle pointer
 185:Core/Src/stm32l4xx_hal_msp.c **** * @retval None
 186:Core/Src/stm32l4xx_hal_msp.c **** */
 187:Core/Src/stm32l4xx_hal_msp.c **** void HAL_I2C_MspDeInit(I2C_HandleTypeDef* hi2c)
 188:Core/Src/stm32l4xx_hal_msp.c **** {
 383              		.loc 1 188 1 is_stmt 1 view -0
 384              		.cfi_startproc
 385              		@ args = 0, pretend = 0, frame = 0
 386              		@ frame_needed = 0, uses_anonymous_args = 0
 387              		.loc 1 188 1 is_stmt 0 view .LVU90
 388 0000 08B5     		push	{r3, lr}
 389              	.LCFI11:
 390              		.cfi_def_cfa_offset 8
 391              		.cfi_offset 3, -8
 392              		.cfi_offset 14, -4
 189:Core/Src/stm32l4xx_hal_msp.c ****   if(hi2c->Instance==I2C1)
 393              		.loc 1 189 3 is_stmt 1 view .LVU91
 394              		.loc 1 189 10 is_stmt 0 view .LVU92
 395 0002 0268     		ldr	r2, [r0]
 396              		.loc 1 189 5 view .LVU93
 397 0004 0A4B     		ldr	r3, .L27
ARM GAS  /tmp/cc40VpWd.s 			page 12


 398 0006 9A42     		cmp	r2, r3
 399 0008 00D0     		beq	.L26
 400              	.LVL16:
 401              	.L23:
 190:Core/Src/stm32l4xx_hal_msp.c ****   {
 191:Core/Src/stm32l4xx_hal_msp.c ****   /* USER CODE BEGIN I2C1_MspDeInit 0 */
 192:Core/Src/stm32l4xx_hal_msp.c **** 
 193:Core/Src/stm32l4xx_hal_msp.c ****   /* USER CODE END I2C1_MspDeInit 0 */
 194:Core/Src/stm32l4xx_hal_msp.c ****     /* Peripheral clock disable */
 195:Core/Src/stm32l4xx_hal_msp.c ****     __HAL_RCC_I2C1_CLK_DISABLE();
 196:Core/Src/stm32l4xx_hal_msp.c **** 
 197:Core/Src/stm32l4xx_hal_msp.c ****     /**I2C1 GPIO Configuration
 198:Core/Src/stm32l4xx_hal_msp.c ****     PA9     ------> I2C1_SCL
 199:Core/Src/stm32l4xx_hal_msp.c ****     PA10     ------> I2C1_SDA
 200:Core/Src/stm32l4xx_hal_msp.c ****     */
 201:Core/Src/stm32l4xx_hal_msp.c ****     HAL_GPIO_DeInit(GPIOA, GPIO_PIN_9);
 202:Core/Src/stm32l4xx_hal_msp.c **** 
 203:Core/Src/stm32l4xx_hal_msp.c ****     HAL_GPIO_DeInit(GPIOA, GPIO_PIN_10);
 204:Core/Src/stm32l4xx_hal_msp.c **** 
 205:Core/Src/stm32l4xx_hal_msp.c ****   /* USER CODE BEGIN I2C1_MspDeInit 1 */
 206:Core/Src/stm32l4xx_hal_msp.c **** 
 207:Core/Src/stm32l4xx_hal_msp.c ****   /* USER CODE END I2C1_MspDeInit 1 */
 208:Core/Src/stm32l4xx_hal_msp.c ****   }
 209:Core/Src/stm32l4xx_hal_msp.c **** 
 210:Core/Src/stm32l4xx_hal_msp.c **** }
 402              		.loc 1 210 1 view .LVU94
 403 000a 08BD     		pop	{r3, pc}
 404              	.LVL17:
 405              	.L26:
 195:Core/Src/stm32l4xx_hal_msp.c **** 
 406              		.loc 1 195 5 is_stmt 1 view .LVU95
 407 000c 094A     		ldr	r2, .L27+4
 408 000e 936D     		ldr	r3, [r2, #88]
 409 0010 23F40013 		bic	r3, r3, #2097152
 410 0014 9365     		str	r3, [r2, #88]
 201:Core/Src/stm32l4xx_hal_msp.c **** 
 411              		.loc 1 201 5 view .LVU96
 412 0016 4FF40071 		mov	r1, #512
 413 001a 4FF09040 		mov	r0, #1207959552
 414              	.LVL18:
 201:Core/Src/stm32l4xx_hal_msp.c **** 
 415              		.loc 1 201 5 is_stmt 0 view .LVU97
 416 001e FFF7FEFF 		bl	HAL_GPIO_DeInit
 417              	.LVL19:
 203:Core/Src/stm32l4xx_hal_msp.c **** 
 418              		.loc 1 203 5 is_stmt 1 view .LVU98
 419 0022 4FF48061 		mov	r1, #1024
 420 0026 4FF09040 		mov	r0, #1207959552
 421 002a FFF7FEFF 		bl	HAL_GPIO_DeInit
 422              	.LVL20:
 423              		.loc 1 210 1 is_stmt 0 view .LVU99
 424 002e ECE7     		b	.L23
 425              	.L28:
 426              		.align	2
 427              	.L27:
 428 0030 00540040 		.word	1073763328
 429 0034 00100240 		.word	1073876992
ARM GAS  /tmp/cc40VpWd.s 			page 13


 430              		.cfi_endproc
 431              	.LFE136:
 433              		.section	.text.HAL_UART_MspInit,"ax",%progbits
 434              		.align	1
 435              		.global	HAL_UART_MspInit
 436              		.syntax unified
 437              		.thumb
 438              		.thumb_func
 439              		.fpu fpv4-sp-d16
 441              	HAL_UART_MspInit:
 442              	.LVL21:
 443              	.LFB137:
 211:Core/Src/stm32l4xx_hal_msp.c **** 
 212:Core/Src/stm32l4xx_hal_msp.c **** /**
 213:Core/Src/stm32l4xx_hal_msp.c **** * @brief UART MSP Initialization
 214:Core/Src/stm32l4xx_hal_msp.c **** * This function configures the hardware resources used in this example
 215:Core/Src/stm32l4xx_hal_msp.c **** * @param huart: UART handle pointer
 216:Core/Src/stm32l4xx_hal_msp.c **** * @retval None
 217:Core/Src/stm32l4xx_hal_msp.c **** */
 218:Core/Src/stm32l4xx_hal_msp.c **** void HAL_UART_MspInit(UART_HandleTypeDef* huart)
 219:Core/Src/stm32l4xx_hal_msp.c **** {
 444              		.loc 1 219 1 is_stmt 1 view -0
 445              		.cfi_startproc
 446              		@ args = 0, pretend = 0, frame = 32
 447              		@ frame_needed = 0, uses_anonymous_args = 0
 448              		.loc 1 219 1 is_stmt 0 view .LVU101
 449 0000 30B5     		push	{r4, r5, lr}
 450              	.LCFI12:
 451              		.cfi_def_cfa_offset 12
 452              		.cfi_offset 4, -12
 453              		.cfi_offset 5, -8
 454              		.cfi_offset 14, -4
 455 0002 89B0     		sub	sp, sp, #36
 456              	.LCFI13:
 457              		.cfi_def_cfa_offset 48
 220:Core/Src/stm32l4xx_hal_msp.c ****   GPIO_InitTypeDef GPIO_InitStruct = {0};
 458              		.loc 1 220 3 is_stmt 1 view .LVU102
 459              		.loc 1 220 20 is_stmt 0 view .LVU103
 460 0004 0023     		movs	r3, #0
 461 0006 0393     		str	r3, [sp, #12]
 462 0008 0493     		str	r3, [sp, #16]
 463 000a 0593     		str	r3, [sp, #20]
 464 000c 0693     		str	r3, [sp, #24]
 465 000e 0793     		str	r3, [sp, #28]
 221:Core/Src/stm32l4xx_hal_msp.c ****   if(huart->Instance==USART2)
 466              		.loc 1 221 3 is_stmt 1 view .LVU104
 467              		.loc 1 221 11 is_stmt 0 view .LVU105
 468 0010 0268     		ldr	r2, [r0]
 469              		.loc 1 221 5 view .LVU106
 470 0012 1A4B     		ldr	r3, .L33
 471 0014 9A42     		cmp	r2, r3
 472 0016 01D0     		beq	.L32
 473              	.LVL22:
 474              	.L29:
 222:Core/Src/stm32l4xx_hal_msp.c ****   {
 223:Core/Src/stm32l4xx_hal_msp.c ****   /* USER CODE BEGIN USART2_MspInit 0 */
 224:Core/Src/stm32l4xx_hal_msp.c **** 
ARM GAS  /tmp/cc40VpWd.s 			page 14


 225:Core/Src/stm32l4xx_hal_msp.c ****   /* USER CODE END USART2_MspInit 0 */
 226:Core/Src/stm32l4xx_hal_msp.c ****     /* Peripheral clock enable */
 227:Core/Src/stm32l4xx_hal_msp.c ****     __HAL_RCC_USART2_CLK_ENABLE();
 228:Core/Src/stm32l4xx_hal_msp.c **** 
 229:Core/Src/stm32l4xx_hal_msp.c ****     __HAL_RCC_GPIOA_CLK_ENABLE();
 230:Core/Src/stm32l4xx_hal_msp.c ****     /**USART2 GPIO Configuration
 231:Core/Src/stm32l4xx_hal_msp.c ****     PA2     ------> USART2_TX
 232:Core/Src/stm32l4xx_hal_msp.c ****     PA15 (JTDI)     ------> USART2_RX
 233:Core/Src/stm32l4xx_hal_msp.c ****     */
 234:Core/Src/stm32l4xx_hal_msp.c ****     GPIO_InitStruct.Pin = GPIO_PIN_2;
 235:Core/Src/stm32l4xx_hal_msp.c ****     GPIO_InitStruct.Mode = GPIO_MODE_AF_PP;
 236:Core/Src/stm32l4xx_hal_msp.c ****     GPIO_InitStruct.Pull = GPIO_NOPULL;
 237:Core/Src/stm32l4xx_hal_msp.c ****     GPIO_InitStruct.Speed = GPIO_SPEED_FREQ_VERY_HIGH;
 238:Core/Src/stm32l4xx_hal_msp.c ****     GPIO_InitStruct.Alternate = GPIO_AF7_USART2;
 239:Core/Src/stm32l4xx_hal_msp.c ****     HAL_GPIO_Init(GPIOA, &GPIO_InitStruct);
 240:Core/Src/stm32l4xx_hal_msp.c **** 
 241:Core/Src/stm32l4xx_hal_msp.c ****     GPIO_InitStruct.Pin = GPIO_PIN_15;
 242:Core/Src/stm32l4xx_hal_msp.c ****     GPIO_InitStruct.Mode = GPIO_MODE_AF_PP;
 243:Core/Src/stm32l4xx_hal_msp.c ****     GPIO_InitStruct.Pull = GPIO_NOPULL;
 244:Core/Src/stm32l4xx_hal_msp.c ****     GPIO_InitStruct.Speed = GPIO_SPEED_FREQ_VERY_HIGH;
 245:Core/Src/stm32l4xx_hal_msp.c ****     GPIO_InitStruct.Alternate = GPIO_AF3_USART2;
 246:Core/Src/stm32l4xx_hal_msp.c ****     HAL_GPIO_Init(GPIOA, &GPIO_InitStruct);
 247:Core/Src/stm32l4xx_hal_msp.c **** 
 248:Core/Src/stm32l4xx_hal_msp.c ****   /* USER CODE BEGIN USART2_MspInit 1 */
 249:Core/Src/stm32l4xx_hal_msp.c **** 
 250:Core/Src/stm32l4xx_hal_msp.c ****   /* USER CODE END USART2_MspInit 1 */
 251:Core/Src/stm32l4xx_hal_msp.c ****   }
 252:Core/Src/stm32l4xx_hal_msp.c **** 
 253:Core/Src/stm32l4xx_hal_msp.c **** }
 475              		.loc 1 253 1 view .LVU107
 476 0018 09B0     		add	sp, sp, #36
 477              	.LCFI14:
 478              		.cfi_remember_state
 479              		.cfi_def_cfa_offset 12
 480              		@ sp needed
 481 001a 30BD     		pop	{r4, r5, pc}
 482              	.LVL23:
 483              	.L32:
 484              	.LCFI15:
 485              		.cfi_restore_state
 227:Core/Src/stm32l4xx_hal_msp.c **** 
 486              		.loc 1 227 5 is_stmt 1 view .LVU108
 487              	.LBB8:
 227:Core/Src/stm32l4xx_hal_msp.c **** 
 488              		.loc 1 227 5 view .LVU109
 227:Core/Src/stm32l4xx_hal_msp.c **** 
 489              		.loc 1 227 5 view .LVU110
 490 001c 03F5E633 		add	r3, r3, #117760
 491 0020 9A6D     		ldr	r2, [r3, #88]
 492 0022 42F40032 		orr	r2, r2, #131072
 493 0026 9A65     		str	r2, [r3, #88]
 227:Core/Src/stm32l4xx_hal_msp.c **** 
 494              		.loc 1 227 5 view .LVU111
 495 0028 9A6D     		ldr	r2, [r3, #88]
 496 002a 02F40032 		and	r2, r2, #131072
 497 002e 0192     		str	r2, [sp, #4]
 227:Core/Src/stm32l4xx_hal_msp.c **** 
ARM GAS  /tmp/cc40VpWd.s 			page 15


 498              		.loc 1 227 5 view .LVU112
 499 0030 019A     		ldr	r2, [sp, #4]
 500              	.LBE8:
 227:Core/Src/stm32l4xx_hal_msp.c **** 
 501              		.loc 1 227 5 view .LVU113
 229:Core/Src/stm32l4xx_hal_msp.c ****     /**USART2 GPIO Configuration
 502              		.loc 1 229 5 view .LVU114
 503              	.LBB9:
 229:Core/Src/stm32l4xx_hal_msp.c ****     /**USART2 GPIO Configuration
 504              		.loc 1 229 5 view .LVU115
 229:Core/Src/stm32l4xx_hal_msp.c ****     /**USART2 GPIO Configuration
 505              		.loc 1 229 5 view .LVU116
 506 0032 DA6C     		ldr	r2, [r3, #76]
 507 0034 42F00102 		orr	r2, r2, #1
 508 0038 DA64     		str	r2, [r3, #76]
 229:Core/Src/stm32l4xx_hal_msp.c ****     /**USART2 GPIO Configuration
 509              		.loc 1 229 5 view .LVU117
 510 003a DB6C     		ldr	r3, [r3, #76]
 511 003c 03F00103 		and	r3, r3, #1
 512 0040 0293     		str	r3, [sp, #8]
 229:Core/Src/stm32l4xx_hal_msp.c ****     /**USART2 GPIO Configuration
 513              		.loc 1 229 5 view .LVU118
 514 0042 029B     		ldr	r3, [sp, #8]
 515              	.LBE9:
 229:Core/Src/stm32l4xx_hal_msp.c ****     /**USART2 GPIO Configuration
 516              		.loc 1 229 5 view .LVU119
 234:Core/Src/stm32l4xx_hal_msp.c ****     GPIO_InitStruct.Mode = GPIO_MODE_AF_PP;
 517              		.loc 1 234 5 view .LVU120
 234:Core/Src/stm32l4xx_hal_msp.c ****     GPIO_InitStruct.Mode = GPIO_MODE_AF_PP;
 518              		.loc 1 234 25 is_stmt 0 view .LVU121
 519 0044 0423     		movs	r3, #4
 520 0046 0393     		str	r3, [sp, #12]
 235:Core/Src/stm32l4xx_hal_msp.c ****     GPIO_InitStruct.Pull = GPIO_NOPULL;
 521              		.loc 1 235 5 is_stmt 1 view .LVU122
 235:Core/Src/stm32l4xx_hal_msp.c ****     GPIO_InitStruct.Pull = GPIO_NOPULL;
 522              		.loc 1 235 26 is_stmt 0 view .LVU123
 523 0048 0225     		movs	r5, #2
 524 004a 0495     		str	r5, [sp, #16]
 236:Core/Src/stm32l4xx_hal_msp.c ****     GPIO_InitStruct.Speed = GPIO_SPEED_FREQ_VERY_HIGH;
 525              		.loc 1 236 5 is_stmt 1 view .LVU124
 237:Core/Src/stm32l4xx_hal_msp.c ****     GPIO_InitStruct.Alternate = GPIO_AF7_USART2;
 526              		.loc 1 237 5 view .LVU125
 237:Core/Src/stm32l4xx_hal_msp.c ****     GPIO_InitStruct.Alternate = GPIO_AF7_USART2;
 527              		.loc 1 237 27 is_stmt 0 view .LVU126
 528 004c 0324     		movs	r4, #3
 529 004e 0694     		str	r4, [sp, #24]
 238:Core/Src/stm32l4xx_hal_msp.c ****     HAL_GPIO_Init(GPIOA, &GPIO_InitStruct);
 530              		.loc 1 238 5 is_stmt 1 view .LVU127
 238:Core/Src/stm32l4xx_hal_msp.c ****     HAL_GPIO_Init(GPIOA, &GPIO_InitStruct);
 531              		.loc 1 238 31 is_stmt 0 view .LVU128
 532 0050 0723     		movs	r3, #7
 533 0052 0793     		str	r3, [sp, #28]
 239:Core/Src/stm32l4xx_hal_msp.c **** 
 534              		.loc 1 239 5 is_stmt 1 view .LVU129
 535 0054 03A9     		add	r1, sp, #12
 536 0056 4FF09040 		mov	r0, #1207959552
 537              	.LVL24:
ARM GAS  /tmp/cc40VpWd.s 			page 16


 239:Core/Src/stm32l4xx_hal_msp.c **** 
 538              		.loc 1 239 5 is_stmt 0 view .LVU130
 539 005a FFF7FEFF 		bl	HAL_GPIO_Init
 540              	.LVL25:
 241:Core/Src/stm32l4xx_hal_msp.c ****     GPIO_InitStruct.Mode = GPIO_MODE_AF_PP;
 541              		.loc 1 241 5 is_stmt 1 view .LVU131
 241:Core/Src/stm32l4xx_hal_msp.c ****     GPIO_InitStruct.Mode = GPIO_MODE_AF_PP;
 542              		.loc 1 241 25 is_stmt 0 view .LVU132
 543 005e 4FF40043 		mov	r3, #32768
 544 0062 0393     		str	r3, [sp, #12]
 242:Core/Src/stm32l4xx_hal_msp.c ****     GPIO_InitStruct.Pull = GPIO_NOPULL;
 545              		.loc 1 242 5 is_stmt 1 view .LVU133
 242:Core/Src/stm32l4xx_hal_msp.c ****     GPIO_InitStruct.Pull = GPIO_NOPULL;
 546              		.loc 1 242 26 is_stmt 0 view .LVU134
 547 0064 0495     		str	r5, [sp, #16]
 243:Core/Src/stm32l4xx_hal_msp.c ****     GPIO_InitStruct.Speed = GPIO_SPEED_FREQ_VERY_HIGH;
 548              		.loc 1 243 5 is_stmt 1 view .LVU135
 243:Core/Src/stm32l4xx_hal_msp.c ****     GPIO_InitStruct.Speed = GPIO_SPEED_FREQ_VERY_HIGH;
 549              		.loc 1 243 26 is_stmt 0 view .LVU136
 550 0066 0023     		movs	r3, #0
 551 0068 0593     		str	r3, [sp, #20]
 244:Core/Src/stm32l4xx_hal_msp.c ****     GPIO_InitStruct.Alternate = GPIO_AF3_USART2;
 552              		.loc 1 244 5 is_stmt 1 view .LVU137
 244:Core/Src/stm32l4xx_hal_msp.c ****     GPIO_InitStruct.Alternate = GPIO_AF3_USART2;
 553              		.loc 1 244 27 is_stmt 0 view .LVU138
 554 006a 0694     		str	r4, [sp, #24]
 245:Core/Src/stm32l4xx_hal_msp.c ****     HAL_GPIO_Init(GPIOA, &GPIO_InitStruct);
 555              		.loc 1 245 5 is_stmt 1 view .LVU139
 245:Core/Src/stm32l4xx_hal_msp.c ****     HAL_GPIO_Init(GPIOA, &GPIO_InitStruct);
 556              		.loc 1 245 31 is_stmt 0 view .LVU140
 557 006c 0794     		str	r4, [sp, #28]
 246:Core/Src/stm32l4xx_hal_msp.c **** 
 558              		.loc 1 246 5 is_stmt 1 view .LVU141
 559 006e 03A9     		add	r1, sp, #12
 560 0070 4FF09040 		mov	r0, #1207959552
 561 0074 FFF7FEFF 		bl	HAL_GPIO_Init
 562              	.LVL26:
 563              		.loc 1 253 1 is_stmt 0 view .LVU142
 564 0078 CEE7     		b	.L29
 565              	.L34:
 566 007a 00BF     		.align	2
 567              	.L33:
 568 007c 00440040 		.word	1073759232
 569              		.cfi_endproc
 570              	.LFE137:
 572              		.section	.text.HAL_UART_MspDeInit,"ax",%progbits
 573              		.align	1
 574              		.global	HAL_UART_MspDeInit
 575              		.syntax unified
 576              		.thumb
 577              		.thumb_func
 578              		.fpu fpv4-sp-d16
 580              	HAL_UART_MspDeInit:
 581              	.LVL27:
 582              	.LFB138:
 254:Core/Src/stm32l4xx_hal_msp.c **** 
 255:Core/Src/stm32l4xx_hal_msp.c **** /**
ARM GAS  /tmp/cc40VpWd.s 			page 17


 256:Core/Src/stm32l4xx_hal_msp.c **** * @brief UART MSP De-Initialization
 257:Core/Src/stm32l4xx_hal_msp.c **** * This function freeze the hardware resources used in this example
 258:Core/Src/stm32l4xx_hal_msp.c **** * @param huart: UART handle pointer
 259:Core/Src/stm32l4xx_hal_msp.c **** * @retval None
 260:Core/Src/stm32l4xx_hal_msp.c **** */
 261:Core/Src/stm32l4xx_hal_msp.c **** void HAL_UART_MspDeInit(UART_HandleTypeDef* huart)
 262:Core/Src/stm32l4xx_hal_msp.c **** {
 583              		.loc 1 262 1 is_stmt 1 view -0
 584              		.cfi_startproc
 585              		@ args = 0, pretend = 0, frame = 0
 586              		@ frame_needed = 0, uses_anonymous_args = 0
 587              		.loc 1 262 1 is_stmt 0 view .LVU144
 588 0000 08B5     		push	{r3, lr}
 589              	.LCFI16:
 590              		.cfi_def_cfa_offset 8
 591              		.cfi_offset 3, -8
 592              		.cfi_offset 14, -4
 263:Core/Src/stm32l4xx_hal_msp.c ****   if(huart->Instance==USART2)
 593              		.loc 1 263 3 is_stmt 1 view .LVU145
 594              		.loc 1 263 11 is_stmt 0 view .LVU146
 595 0002 0268     		ldr	r2, [r0]
 596              		.loc 1 263 5 view .LVU147
 597 0004 074B     		ldr	r3, .L39
 598 0006 9A42     		cmp	r2, r3
 599 0008 00D0     		beq	.L38
 600              	.LVL28:
 601              	.L35:
 264:Core/Src/stm32l4xx_hal_msp.c ****   {
 265:Core/Src/stm32l4xx_hal_msp.c ****   /* USER CODE BEGIN USART2_MspDeInit 0 */
 266:Core/Src/stm32l4xx_hal_msp.c **** 
 267:Core/Src/stm32l4xx_hal_msp.c ****   /* USER CODE END USART2_MspDeInit 0 */
 268:Core/Src/stm32l4xx_hal_msp.c ****     /* Peripheral clock disable */
 269:Core/Src/stm32l4xx_hal_msp.c ****     __HAL_RCC_USART2_CLK_DISABLE();
 270:Core/Src/stm32l4xx_hal_msp.c **** 
 271:Core/Src/stm32l4xx_hal_msp.c ****     /**USART2 GPIO Configuration
 272:Core/Src/stm32l4xx_hal_msp.c ****     PA2     ------> USART2_TX
 273:Core/Src/stm32l4xx_hal_msp.c ****     PA15 (JTDI)     ------> USART2_RX
 274:Core/Src/stm32l4xx_hal_msp.c ****     */
 275:Core/Src/stm32l4xx_hal_msp.c ****     HAL_GPIO_DeInit(GPIOA, GPIO_PIN_2|GPIO_PIN_15);
 276:Core/Src/stm32l4xx_hal_msp.c **** 
 277:Core/Src/stm32l4xx_hal_msp.c ****   /* USER CODE BEGIN USART2_MspDeInit 1 */
 278:Core/Src/stm32l4xx_hal_msp.c **** 
 279:Core/Src/stm32l4xx_hal_msp.c ****   /* USER CODE END USART2_MspDeInit 1 */
 280:Core/Src/stm32l4xx_hal_msp.c ****   }
 281:Core/Src/stm32l4xx_hal_msp.c **** 
 282:Core/Src/stm32l4xx_hal_msp.c **** }
 602              		.loc 1 282 1 view .LVU148
 603 000a 08BD     		pop	{r3, pc}
 604              	.LVL29:
 605              	.L38:
 269:Core/Src/stm32l4xx_hal_msp.c **** 
 606              		.loc 1 269 5 is_stmt 1 view .LVU149
 607 000c 064A     		ldr	r2, .L39+4
 608 000e 936D     		ldr	r3, [r2, #88]
 609 0010 23F40033 		bic	r3, r3, #131072
 610 0014 9365     		str	r3, [r2, #88]
 275:Core/Src/stm32l4xx_hal_msp.c **** 
ARM GAS  /tmp/cc40VpWd.s 			page 18


 611              		.loc 1 275 5 view .LVU150
 612 0016 48F20401 		movw	r1, #32772
 613 001a 4FF09040 		mov	r0, #1207959552
 614              	.LVL30:
 275:Core/Src/stm32l4xx_hal_msp.c **** 
 615              		.loc 1 275 5 is_stmt 0 view .LVU151
 616 001e FFF7FEFF 		bl	HAL_GPIO_DeInit
 617              	.LVL31:
 618              		.loc 1 282 1 view .LVU152
 619 0022 F2E7     		b	.L35
 620              	.L40:
 621              		.align	2
 622              	.L39:
 623 0024 00440040 		.word	1073759232
 624 0028 00100240 		.word	1073876992
 625              		.cfi_endproc
 626              	.LFE138:
 628              		.text
 629              	.Letext0:
 630              		.file 2 "/usr/arm-none-eabi/include/machine/_default_types.h"
 631              		.file 3 "/usr/arm-none-eabi/include/sys/_stdint.h"
 632              		.file 4 "Drivers/CMSIS/Device/ST/STM32L4xx/Include/stm32l432xx.h"
 633              		.file 5 "Drivers/CMSIS/Device/ST/STM32L4xx/Include/stm32l4xx.h"
 634              		.file 6 "Drivers/STM32L4xx_HAL_Driver/Inc/stm32l4xx_hal_def.h"
 635              		.file 7 "Drivers/STM32L4xx_HAL_Driver/Inc/stm32l4xx_hal_gpio.h"
 636              		.file 8 "Drivers/STM32L4xx_HAL_Driver/Inc/stm32l4xx_hal_dma.h"
 637              		.file 9 "Drivers/STM32L4xx_HAL_Driver/Inc/stm32l4xx_hal_can.h"
 638              		.file 10 "Drivers/STM32L4xx_HAL_Driver/Inc/stm32l4xx_hal_i2c.h"
 639              		.file 11 "Drivers/STM32L4xx_HAL_Driver/Inc/stm32l4xx_hal_uart.h"
ARM GAS  /tmp/cc40VpWd.s 			page 19


DEFINED SYMBOLS
                            *ABS*:0000000000000000 stm32l4xx_hal_msp.c
     /tmp/cc40VpWd.s:18     .text.HAL_MspInit:0000000000000000 $t
     /tmp/cc40VpWd.s:26     .text.HAL_MspInit:0000000000000000 HAL_MspInit
     /tmp/cc40VpWd.s:77     .text.HAL_MspInit:000000000000002c $d
     /tmp/cc40VpWd.s:82     .text.HAL_CAN_MspInit:0000000000000000 $t
     /tmp/cc40VpWd.s:89     .text.HAL_CAN_MspInit:0000000000000000 HAL_CAN_MspInit
     /tmp/cc40VpWd.s:192    .text.HAL_CAN_MspInit:0000000000000064 $d
     /tmp/cc40VpWd.s:197    .text.HAL_CAN_MspDeInit:0000000000000000 $t
     /tmp/cc40VpWd.s:204    .text.HAL_CAN_MspDeInit:0000000000000000 HAL_CAN_MspDeInit
     /tmp/cc40VpWd.s:247    .text.HAL_CAN_MspDeInit:0000000000000024 $d
     /tmp/cc40VpWd.s:253    .text.HAL_I2C_MspInit:0000000000000000 $t
     /tmp/cc40VpWd.s:260    .text.HAL_I2C_MspInit:0000000000000000 HAL_I2C_MspInit
     /tmp/cc40VpWd.s:367    .text.HAL_I2C_MspInit:0000000000000064 $d
     /tmp/cc40VpWd.s:373    .text.HAL_I2C_MspDeInit:0000000000000000 $t
     /tmp/cc40VpWd.s:380    .text.HAL_I2C_MspDeInit:0000000000000000 HAL_I2C_MspDeInit
     /tmp/cc40VpWd.s:428    .text.HAL_I2C_MspDeInit:0000000000000030 $d
     /tmp/cc40VpWd.s:434    .text.HAL_UART_MspInit:0000000000000000 $t
     /tmp/cc40VpWd.s:441    .text.HAL_UART_MspInit:0000000000000000 HAL_UART_MspInit
     /tmp/cc40VpWd.s:568    .text.HAL_UART_MspInit:000000000000007c $d
     /tmp/cc40VpWd.s:573    .text.HAL_UART_MspDeInit:0000000000000000 $t
     /tmp/cc40VpWd.s:580    .text.HAL_UART_MspDeInit:0000000000000000 HAL_UART_MspDeInit
     /tmp/cc40VpWd.s:623    .text.HAL_UART_MspDeInit:0000000000000024 $d

UNDEFINED SYMBOLS
HAL_GPIO_Init
HAL_GPIO_DeInit
